<?xml version="1.0" encoding="UTF-8"?>
<testng-results ignored="0" total="1" passed="1" failed="0" skipped="0">
  <reporter-output>
  </reporter-output>
  <suite started-at="2025-06-23T14:57:41 IST" name="Default suite" finished-at="2025-06-23T14:57:48 IST" duration-ms="6516">
    <groups>
    </groups>
    <test started-at="2025-06-23T14:57:41 IST" name="Default test" finished-at="2025-06-23T14:57:48 IST" duration-ms="6516">
      <class name="apitest.Restapitest">
        <test-method is-config="true" signature="startup()[pri:0, instance:apitest.Restapitest@799f10e1]" started-at="2025-06-23T14:57:41 IST" name="startup" finished-at="2025-06-23T14:57:43 IST" duration-ms="1361" status="PASS">
          <reporter-output>
          </reporter-output>
        </test-method> <!-- startup -->
        <test-method is-config="true" signature="createtest(java.lang.reflect.Method)[pri:0, instance:apitest.Restapitest@799f10e1]" started-at="2025-06-23T14:57:43 IST" name="createtest" finished-at="2025-06-23T14:57:43 IST" duration-ms="9" status="PASS">
          <params>
            <param index="0">
              <value>
                <![CDATA[public void apitest.Restapitest.customerlogin()]]>
              </value>
            </param>
          </params>
          <reporter-output>
          </reporter-output>
        </test-method> <!-- createtest -->
        <test-method signature="customerlogin()[pri:1, instance:apitest.Restapitest@799f10e1]" started-at="2025-06-23T14:57:43 IST" name="customerlogin" finished-at="2025-06-23T14:57:47 IST" duration-ms="4483" status="PASS">
          <reporter-output>
          </reporter-output>
        </test-method> <!-- customerlogin -->
        <test-method is-config="true" signature="resultstatus(org.testng.ITestResult)[pri:0, instance:apitest.Restapitest@799f10e1]" started-at="2025-06-23T14:57:47 IST" name="resultstatus" finished-at="2025-06-23T14:57:47 IST" duration-ms="11" status="PASS">
          <params>
            <param index="0">
              <value>
                <![CDATA[[TestResult name=customerlogin status=SUCCESS method=Restapitest.customerlogin()[pri:1, instance:apitest.Restapitest@799f10e1] output={null}]]]>
              </value>
            </param>
          </params>
          <reporter-output>
          </reporter-output>
        </test-method> <!-- resultstatus -->
        <test-method is-config="true" signature="reportend()[pri:0, instance:apitest.Restapitest@799f10e1]" started-at="2025-06-23T14:57:47 IST" name="reportend" finished-at="2025-06-23T14:57:48 IST" duration-ms="594" status="PASS">
          <reporter-output>
          </reporter-output>
        </test-method> <!-- reportend -->
      </class> <!-- apitest.Restapitest -->
    </test> <!-- Default test -->
  </suite> <!-- Default suite -->
</testng-results>
