<?xml version="1.0" encoding="UTF-8"?>
<testng-results ignored="0" total="1" passed="1" failed="0" skipped="0">
  <reporter-output>
  </reporter-output>
  <suite started-at="2025-06-23T14:33:12 IST" name="Suite" finished-at="2025-06-23T14:33:17 IST" duration-ms="4462">
    <groups>
    </groups>
    <test started-at="2025-06-23T14:33:12 IST" name="Test" finished-at="2025-06-23T14:33:17 IST" duration-ms="4462">
      <class name="apitest.Restapitest">
        <test-method is-config="true" signature="startup()[pri:0, instance:apitest.Restapitest@3c19aaa5]" started-at="2025-06-23T14:33:12 IST" name="startup" finished-at="2025-06-23T14:33:13 IST" duration-ms="511" status="PASS">
          <reporter-output>
          </reporter-output>
        </test-method> <!-- startup -->
        <test-method signature="customerlogin()[pri:1, instance:apitest.Restapitest@3c19aaa5]" started-at="2025-06-23T14:33:13 IST" name="customerlogin" finished-at="2025-06-23T14:33:17 IST" duration-ms="3889" status="PASS">
          <reporter-output>
          </reporter-output>
        </test-method> <!-- customerlogin -->
      </class> <!-- apitest.Restapitest -->
    </test> <!-- Test -->
  </suite> <!-- Suite -->
</testng-results>
